<?xml version="1.0" encoding="UTF-8"?>
<testsuite name="CucumberRunner" tests="1" skipped="0" failures="0" errors="0" timestamp="2023-08-06T11:44:28" hostname="Timur-K.local" time="10.119">
  <properties/>
  <testcase name="runScenario[0](&quot;Play music after Login&quot;, &quot;Play feature&quot;)" classname="CucumberRunner" time="10.119"/>
  <system-out><![CDATA[]]></system-out>
  <system-err><![CDATA[Aug 06, 2023 2:44:28 PM org.openqa.selenium.remote.service.DriverService$Builder getLogOutput
INFO: Driver logs no longer sent to console by default; https://www.selenium.dev/documentation/webdriver/drivers/service/#setting-log-output
Aug 06, 2023 2:44:30 PM org.openqa.selenium.devtools.CdpVersionFinder findNearestMatch
WARNING: Unable to find an exact match for CDP version 115, so returning the closest version found: 114
]]></system-err>
</testsuite>
