<?xml version="1.0" encoding="UTF-8"?>
<testsuite name="PlaylistTests" tests="1" skipped="0" failures="0" errors="0" timestamp="2023-08-04T16:57:25" hostname="Timur-K.local" time="16.805">
  <properties/>
  <testcase name="renamePlaylist" classname="PlaylistTests" time="16.805"/>
  <system-out><![CDATA[----CASE: MicrosoftEdge
Local time now: 19:57:25.866850
Playlists exist - true
Renamed Playlist POM 25 - playlistName
]]></system-out>
  <system-err><![CDATA[Aug 04, 2023 7:57:12 PM org.openqa.selenium.remote.service.DriverService$Builder getLogOutput
INFO: Driver logs no longer sent to console by default; https://www.selenium.dev/documentation/webdriver/drivers/service/#setting-log-output
Aug 04, 2023 7:57:20 PM org.openqa.selenium.devtools.CdpVersionFinder findNearestMatch
WARNING: Unable to find an exact match for CDP version 115, so returning the closest version found: 114
]]></system-err>
</testsuite>
