<?xml version="1.0" encoding="UTF-8"?>
<testsuite name="PlaylistTests" tests="1" skipped="0" failures="0" errors="0" timestamp="2023-08-05T10:22:32" hostname="Timur-K.local" time="16.522">
  <properties/>
  <testcase name="renamePlaylist" classname="PlaylistTests" time="16.522"/>
  <system-out><![CDATA[----CASE: MicrosoftEdge
Local time now: 13:22:32.430938
Playlists exist - true
Renamed Playlist POM 32 - playlistName
]]></system-out>
  <system-err><![CDATA[Aug 05, 2023 1:22:15 PM org.openqa.selenium.remote.service.DriverService$Builder getLogOutput
INFO: Driver logs no longer sent to console by default; https://www.selenium.dev/documentation/webdriver/drivers/service/#setting-log-output
Aug 05, 2023 1:22:24 PM org.openqa.selenium.devtools.CdpVersionFinder findNearestMatch
WARNING: Unable to find an exact match for CDP version 115, so returning the closest version found: 114
]]></system-err>
</testsuite>
