<?xml version="1.0" encoding="UTF-8"?>
<testsuite name="PlaylistTests" tests="1" skipped="0" failures="0" errors="0" timestamp="2023-08-04T16:46:05" hostname="Timur-K.local" time="3.515">
  <properties/>
  <testcase name="renamePlaylist" classname="PlaylistTests" time="3.515"/>
  <system-out><![CDATA[----CASE: firefox
Local time now: 19:46:05.659200
Playlists exist - true
Renamed Playlist POM 5 - playlistName
]]></system-out>
  <system-err><![CDATA[Aug 04, 2023 7:45:54 PM org.openqa.selenium.remote.service.DriverService$Builder getLogOutput
INFO: Driver logs no longer sent to console by default; https://www.selenium.dev/documentation/webdriver/drivers/service/#setting-log-output
]]></system-err>
</testsuite>
